#
# There is insufficient memory for the Java Runtime Environment to continue.
# Native memory allocation (mmap) failed to map 65536 bytes for Failed to commit metaspace.
# Possible reasons:
#   The system is out of physical RAM or swap space
#   The process is running with CompressedOops enabled, and the Java Heap may be blocking the growth of the native heap
# Possible solutions:
#   Reduce memory load on the system
#   Increase physical memory or swap space
#   Check if swap backing store is full
#   Decrease Java heap size (-Xmx/-Xms)
#   Decrease number of Java threads
#   Decrease Java thread stack sizes (-Xss)
#   Set larger code cache with -XX:ReservedCodeCacheSize=
#   JVM is running with Zero Based Compressed Oops mode in which the Java heap is
#     placed in the first 32GB address space. The Java Heap base address is the
#     maximum limit for the native heap growth. Please use -XX:HeapBaseMinAddress
#     to set the Java Heap base and to place the Java Heap above 32GB virtual address.
# This output file may be truncated or incomplete.
#
#  Out of Memory Error (virtualSpaceNode.cpp:110), pid=4860, tid=17636
#
# JRE version: OpenJDK Runtime Environment (19.0.2+7) (build 19.0.2+7-44)
# Java VM: OpenJDK 64-Bit Server VM (19.0.2+7-44, mixed mode, sharing, tiered, compressed oops, compressed class ptrs, g1 gc, windows-amd64)
# No core dump will be written. Minidumps are not enabled by default on client versions of Windows
#

---------------  S U M M A R Y ------------

Command Line: -javaagent:C:\Users\Kapcha\AppData\Local\JetBrains\Toolbox\apps\IDEA-U\ch-0\223.8617.56\lib\idea_rt.jar=57525:C:\Users\Kapcha\AppData\Local\JetBrains\Toolbox\apps\IDEA-U\ch-0\223.8617.56\bin -Dfile.encoding=UTF-8 -Dsun.stdout.encoding=UTF-8 -Dsun.stderr.encoding=UTF-8 Main

Host: AMD Ryzen 5 5600H with Radeon Graphics         , 12 cores, 15G,  Windows 10 , 64 bit Build 19041 (10.0.19041.2913)
Time: Thu Jun 15 19:09:05 2023  Windows 10 , 64 bit Build 19041 (10.0.19041.2913) elapsed time: 0.126533 seconds (0d 0h 0m 0s)

---------------  T H R E A D  ---------------

Current thread (0x0000023b2c0a9ae0):  JavaThread "main" [_thread_in_vm, id=17636, stack(0x00000067bc800000,0x00000067bc900000)]

Stack: [0x00000067bc800000,0x00000067bc900000]
Native frames: (J=compiled Java code, j=interpreted, Vv=VM code, C=native code)
V  [jvm.dll+0x6ee21a]
V  [jvm.dll+0x85765e]
V  [jvm.dll+0x85904e]
V  [jvm.dll+0x859703]
V  [jvm.dll+0x28298f]
V  [jvm.dll+0x8532db]
V  [jvm.dll+0x692cb6]
V  [jvm.dll+0x692d1a]
V  [jvm.dll+0x695613]
V  [jvm.dll+0x6954de]
V  [jvm.dll+0x6936de]
V  [jvm.dll+0x26f591]
V  [jvm.dll+0x21ea57]
V  [jvm.dll+0x2146a1]
V  [jvm.dll+0x5a9cb6]
V  [jvm.dll+0x2257aa]
V  [jvm.dll+0x7cc802]
V  [jvm.dll+0x7cdc4a]
V  [jvm.dll+0x7ce3cd]
V  [jvm.dll+0x21f315]
V  [jvm.dll+0x2146ba]
V  [jvm.dll+0x5a9cb6]
V  [jvm.dll+0x2257aa]
V  [jvm.dll+0x7cc802]
V  [jvm.dll+0x7cdc4a]
V  [jvm.dll+0x7ce3cd]
V  [jvm.dll+0x21f315]
V  [jvm.dll+0x2146ba]
V  [jvm.dll+0x5a9cb6]
V  [jvm.dll+0x2257aa]
V  [jvm.dll+0x7cc802]
V  [jvm.dll+0x7cdc4a]
V  [jvm.dll+0x7cdf78]
V  [jvm.dll+0x271e1b]
V  [jvm.dll+0x3da25e]
C  0x0000023b3b56d327

Java frames: (J=compiled Java code, j=interpreted, Vv=VM code)
j  sun.java2d.SurfaceData.<clinit>()V+23 java.desktop@19.0.2
v  ~StubRoutines::call_stub 0x0000023b3b54100e
j  sun.awt.windows.WToolkit.initIDs()V+0 java.desktop@19.0.2
j  sun.awt.windows.WToolkit.<clinit>()V+20 java.desktop@19.0.2
v  ~StubRoutines::call_stub 0x0000023b3b54100e
j  sun.awt.Win32GraphicsEnvironment.<clinit>()V+16 java.desktop@19.0.2
v  ~StubRoutines::call_stub 0x0000023b3b54100e
j  sun.awt.PlatformGraphicsInfo.createGE()Ljava/awt/GraphicsEnvironment;+0 java.desktop@19.0.2
j  java.awt.GraphicsEnvironment$LocalGE.createGE()Ljava/awt/GraphicsEnvironment;+0 java.desktop@19.0.2
j  java.awt.GraphicsEnvironment$LocalGE.<clinit>()V+0 java.desktop@19.0.2
v  ~StubRoutines::call_stub 0x0000023b3b54100e
j  java.awt.GraphicsEnvironment.getLocalGraphicsEnvironment()Ljava/awt/GraphicsEnvironment;+0 java.desktop@19.0.2
j  java.awt.Window.initGC(Ljava/awt/GraphicsConfiguration;)Ljava/awt/GraphicsConfiguration;+7 java.desktop@19.0.2
j  java.awt.Window.init(Ljava/awt/GraphicsConfiguration;)V+45 java.desktop@19.0.2
j  java.awt.Window.<init>()V+114 java.desktop@19.0.2
j  java.awt.Frame.<init>(Ljava/lang/String;)V+1 java.desktop@19.0.2
j  java.awt.Frame.<init>()V+3 java.desktop@19.0.2
j  javax.swing.JFrame.<init>()V+1 java.desktop@19.0.2
j  View.Window.<init>()V+1
j  Mode.Model.<init>(LClient/Client;)V+26
j  Controller.Controller.<init>()V+29
j  Main.main([Ljava/lang/String;)V+4
v  ~StubRoutines::call_stub 0x0000023b3b54100e

---------------  P R O C E S S  ---------------

Threads class SMR info:
_java_thread_list=0x0000023b53d92f30, length=13, elements={
0x0000023b2c0a9ae0, 0x0000023b4f87eae0, 0x0000023b4f87f870, 0x0000023b4f884030,
0x0000023b4f885970, 0x0000023b4f887a50, 0x0000023b4f888da0, 0x0000023b4f893c30,
0x0000023b4f897970, 0x0000023b4f8a2690, 0x0000023b4f851500, 0x0000023b53e68c90,
0x0000023b53e691d0
}

Java Threads: ( => current thread )
=>0x0000023b2c0a9ae0 JavaThread "main" [_thread_in_vm, id=17636, stack(0x00000067bc800000,0x00000067bc900000)]
  0x0000023b4f87eae0 JavaThread "Reference Handler" daemon [_thread_blocked, id=14716, stack(0x00000067bcf00000,0x00000067bd000000)]
  0x0000023b4f87f870 JavaThread "Finalizer" daemon [_thread_blocked, id=13336, stack(0x00000067bd000000,0x00000067bd100000)]
  0x0000023b4f884030 JavaThread "Signal Dispatcher" daemon [_thread_blocked, id=2792, stack(0x00000067bd100000,0x00000067bd200000)]
  0x0000023b4f885970 JavaThread "Attach Listener" daemon [_thread_blocked, id=9856, stack(0x00000067bd200000,0x00000067bd300000)]
  0x0000023b4f887a50 JavaThread "Service Thread" daemon [_thread_blocked, id=3764, stack(0x00000067bd300000,0x00000067bd400000)]
  0x0000023b4f888da0 JavaThread "Monitor Deflation Thread" daemon [_thread_blocked, id=17904, stack(0x00000067bd400000,0x00000067bd500000)]
  0x0000023b4f893c30 JavaThread "C2 CompilerThread0" daemon [_thread_blocked, id=16468, stack(0x00000067bd500000,0x00000067bd600000)]
  0x0000023b4f897970 JavaThread "C1 CompilerThread0" daemon [_thread_in_vm, id=16000, stack(0x00000067bd600000,0x00000067bd700000)]
  0x0000023b4f8a2690 JavaThread "Sweeper thread" daemon [_thread_blocked, id=2068, stack(0x00000067bd700000,0x00000067bd800000)]
  0x0000023b4f851500 JavaThread "Common-Cleaner" daemon [_thread_blocked, id=9644, stack(0x00000067bd800000,0x00000067bd900000)]
  0x0000023b53e68c90 JavaThread "Monitor Ctrl-Break" daemon [_thread_in_native, id=10472, stack(0x00000067bd900000,0x00000067bda00000)]
  0x0000023b53e691d0 JavaThread "Notification Thread" daemon [_thread_blocked, id=17056, stack(0x00000067bda00000,0x00000067bdb00000)]

Other Threads:
  0x0000023b4f8624d0 VMThread "VM Thread" [stack: 0x00000067bce00000,0x00000067bcf00000] [id=10696]
  0x0000023b53e69b90 WatcherThread "VM Periodic Task Thread" [stack: 0x00000067bdb00000,0x00000067bdc00000] [id=14296]
  0x0000023b2c11afe0 WorkerThread "GC Thread#0" [stack: 0x00000067bc900000,0x00000067bca00000] [id=2364]
  0x0000023b2c12edd0 ConcurrentGCThread "G1 Main Marker" [stack: 0x00000067bca00000,0x00000067bcb00000] [id=15244]
  0x0000023b2c12feb0 WorkerThread "G1 Conc#0" [stack: 0x00000067bcb00000,0x00000067bcc00000] [id=6212]
  0x0000023b4f71e140 ConcurrentGCThread "G1 Refine#0" [stack: 0x00000067bcc00000,0x00000067bcd00000] [id=6528]
  0x0000023b4f720940 ConcurrentGCThread "G1 Service" [stack: 0x00000067bcd00000,0x00000067bce00000] [id=3000]

Threads with active compile tasks:
C1 CompilerThread0      136  387       3       java.lang.invoke.MemberName::getInvocationType (56 bytes)

VM state: not at safepoint (normal execution)

VM Mutex/Monitor currently owned by a thread:  ([mutex/lock_event])
[0x0000023b2c0a2910] Metaspace_lock - owner thread: 0x0000023b2c0a9ae0
[0x0000023b2c0a57c0] MethodData_lock - owner thread: 0x0000023b4f897970

Heap address: 0x0000000702400000, size: 4060 MB, Compressed Oops mode: Zero based, Oop shift amount: 3

CDS archive(s) mapped at: [0x0000000800000000-0x0000000800c40000-0x0000000800c40000), size 12845056, SharedBaseAddress: 0x0000000800000000, ArchiveRelocationMode: 0.
Compressed class space mapped at: 0x0000000801000000-0x0000000841000000, reserved size: 1073741824
Narrow klass base: 0x0000000800000000, Narrow klass shift: 0, Narrow klass range: 0x100000000

GC Precious Log:
 CardTable entry size: 512
 Card Set container configuration: InlinePtr #cards 4 size 8 Array Of Cards #cards 16 size 48 Howl #buckets 8 coarsen threshold 3686 Howl Bitmap #cards 512 size 80 coarsen threshold 460 Card regions per heap region 1 cards per card region 4096
 CPUs: 12 total, 12 available
 Memory: 16236M
 Large Page Support: Disabled
 NUMA Support: Disabled
 Compressed Oops: Enabled (Zero based)
 Heap Region Size: 2M
 Heap Min Capacity: 8M
 Heap Initial Capacity: 254M
 Heap Max Capacity: 4060M
 Pre-touch: Disabled
 Parallel Workers: 10
 Concurrent Workers: 3
 Concurrent Refinement Workers: 10
 Periodic GC: Disabled

Heap:
 garbage-first heap   total 260096K, used 4096K [0x0000000702400000, 0x0000000800000000)
  region size 2048K, 3 young (6144K), 0 survivors (0K)
 Metaspace       used 2804K, committed 3008K, reserved 1114112K
  class space    used 271K, committed 384K, reserved 1048576K

Heap Regions: E=young(eden), S=young(survivor), O=old, HS=humongous(starts), HC=humongous(continues), CS=collection set, F=free, OA=open archive, CA=closed archive, TAMS=top-at-mark-start (previous, next)
|   0|0x0000000702400000, 0x0000000702400000, 0x0000000702600000|  0%| F|  |TAMS 0x0000000702400000, 0x0000000702400000| Untracked 
|   1|0x0000000702600000, 0x0000000702600000, 0x0000000702800000|  0%| F|  |TAMS 0x0000000702600000, 0x0000000702600000| Untracked 
|   2|0x0000000702800000, 0x0000000702800000, 0x0000000702a00000|  0%| F|  |TAMS 0x0000000702800000, 0x0000000702800000| Untracked 
|   3|0x0000000702a00000, 0x0000000702a00000, 0x0000000702c00000|  0%| F|  |TAMS 0x0000000702a00000, 0x0000000702a00000| Untracked 
|   4|0x0000000702c00000, 0x0000000702c00000, 0x0000000702e00000|  0%| F|  |TAMS 0x0000000702c00000, 0x0000000702c00000| Untracked 
|   5|0x0000000702e00000, 0x0000000702e00000, 0x0000000703000000|  0%| F|  |TAMS 0x0000000702e00000, 0x0000000702e00000| Untracked 
|   6|0x0000000703000000, 0x0000000703000000, 0x0000000703200000|  0%| F|  |TAMS 0x0000000703000000, 0x0000000703000000| Untracked 
|   7|0x0000000703200000, 0x0000000703200000, 0x0000000703400000|  0%| F|  |TAMS 0x0000000703200000, 0x0000000703200000| Untracked 
|   8|0x0000000703400000, 0x0000000703400000, 0x0000000703600000|  0%| F|  |TAMS 0x0000000703400000, 0x0000000703400000| Untracked 
|   9|0x0000000703600000, 0x0000000703600000, 0x0000000703800000|  0%| F|  |TAMS 0x0000000703600000, 0x0000000703600000| Untracked 
|  10|0x0000000703800000, 0x0000000703800000, 0x0000000703a00000|  0%| F|  |TAMS 0x0000000703800000, 0x0000000703800000| Untracked 
|  11|0x0000000703a00000, 0x0000000703a00000, 0x0000000703c00000|  0%| F|  |TAMS 0x0000000703a00000, 0x0000000703a00000| Untracked 
|  12|0x0000000703c00000, 0x0000000703c00000, 0x0000000703e00000|  0%| F|  |TAMS 0x0000000703c00000, 0x0000000703c00000| Untracked 
|  13|0x0000000703e00000, 0x0000000703e00000, 0x0000000704000000|  0%| F|  |TAMS 0x0000000703e00000, 0x0000000703e00000| Untracked 
|  14|0x0000000704000000, 0x0000000704000000, 0x0000000704200000|  0%| F|  |TAMS 0x0000000704000000, 0x0000000704000000| Untracked 
|  15|0x0000000704200000, 0x0000000704200000, 0x0000000704400000|  0%| F|  |TAMS 0x0000000704200000, 0x0000000704200000| Untracked 
|  16|0x0000000704400000, 0x0000000704400000, 0x0000000704600000|  0%| F|  |TAMS 0x0000000704400000, 0x0000000704400000| Untracked 
|  17|0x0000000704600000, 0x0000000704600000, 0x0000000704800000|  0%| F|  |TAMS 0x0000000704600000, 0x0000000704600000| Untracked 
|  18|0x0000000704800000, 0x0000000704800000, 0x0000000704a00000|  0%| F|  |TAMS 0x0000000704800000, 0x0000000704800000| Untracked 
|  19|0x0000000704a00000, 0x0000000704a00000, 0x0000000704c00000|  0%| F|  |TAMS 0x0000000704a00000, 0x0000000704a00000| Untracked 
|  20|0x0000000704c00000, 0x0000000704c00000, 0x0000000704e00000|  0%| F|  |TAMS 0x0000000704c00000, 0x0000000704c00000| Untracked 
|  21|0x0000000704e00000, 0x0000000704e00000, 0x0000000705000000|  0%| F|  |TAMS 0x0000000704e00000, 0x0000000704e00000| Untracked 
|  22|0x0000000705000000, 0x0000000705000000, 0x0000000705200000|  0%| F|  |TAMS 0x0000000705000000, 0x0000000705000000| Untracked 
|  23|0x0000000705200000, 0x0000000705200000, 0x0000000705400000|  0%| F|  |TAMS 0x0000000705200000, 0x0000000705200000| Untracked 
|  24|0x0000000705400000, 0x0000000705400000, 0x0000000705600000|  0%| F|  |TAMS 0x0000000705400000, 0x0000000705400000| Untracked 
|  25|0x0000000705600000, 0x0000000705600000, 0x0000000705800000|  0%| F|  |TAMS 0x0000000705600000, 0x0000000705600000| Untracked 
|  26|0x0000000705800000, 0x0000000705800000, 0x0000000705a00000|  0%| F|  |TAMS 0x0000000705800000, 0x0000000705800000| Untracked 
|  27|0x0000000705a00000, 0x0000000705a00000, 0x0000000705c00000|  0%| F|  |TAMS 0x0000000705a00000, 0x0000000705a00000| Untracked 
|  28|0x0000000705c00000, 0x0000000705c00000, 0x0000000705e00000|  0%| F|  |TAMS 0x0000000705c00000, 0x0000000705c00000| Untracked 
|  29|0x0000000705e00000, 0x0000000705e00000, 0x0000000706000000|  0%| F|  |TAMS 0x0000000705e00000, 0x0000000705e00000| Untracked 
|  30|0x0000000706000000, 0x0000000706000000, 0x0000000706200000|  0%| F|  |TAMS 0x0000000706000000, 0x0000000706000000| Untracked 
|  31|0x0000000706200000, 0x0000000706200000, 0x0000000706400000|  0%| F|  |TAMS 0x0000000706200000, 0x0000000706200000| Untracked 
|  32|0x0000000706400000, 0x0000000706400000, 0x0000000706600000|  0%| F|  |TAMS 0x0000000706400000, 0x0000000706400000| Untracked 
|  33|0x0000000706600000, 0x0000000706600000, 0x0000000706800000|  0%| F|  |TAMS 0x0000000706600000, 0x0000000706600000| Untracked 
|  34|0x0000000706800000, 0x0000000706800000, 0x0000000706a00000|  0%| F|  |TAMS 0x0000000706800000, 0x0000000706800000| Untracked 
|  35|0x0000000706a00000, 0x0000000706a00000, 0x0000000706c00000|  0%| F|  |TAMS 0x0000000706a00000, 0x0000000706a00000| Untracked 
|  36|0x0000000706c00000, 0x0000000706c00000, 0x0000000706e00000|  0%| F|  |TAMS 0x0000000706c00000, 0x0000000706c00000| Untracked 
|  37|0x0000000706e00000, 0x0000000706e00000, 0x0000000707000000|  0%| F|  |TAMS 0x0000000706e00000, 0x0000000706e00000| Untracked 
|  38|0x0000000707000000, 0x0000000707000000, 0x0000000707200000|  0%| F|  |TAMS 0x0000000707000000, 0x0000000707000000| Untracked 
|  39|0x0000000707200000, 0x0000000707200000, 0x0000000707400000|  0%| F|  |TAMS 0x0000000707200000, 0x0000000707200000| Untracked 
|  40|0x0000000707400000, 0x0000000707400000, 0x0000000707600000|  0%| F|  |TAMS 0x0000000707400000, 0x0000000707400000| Untracked 
|  41|0x0000000707600000, 0x0000000707600000, 0x0000000707800000|  0%| F|  |TAMS 0x0000000707600000, 0x0000000707600000| Untracked 
|  42|0x0000000707800000, 0x0000000707800000, 0x0000000707a00000|  0%| F|  |TAMS 0x0000000707800000, 0x0000000707800000| Untracked 
|  43|0x0000000707a00000, 0x0000000707a00000, 0x0000000707c00000|  0%| F|  |TAMS 0x0000000707a00000, 0x0000000707a00000| Untracked 
|  44|0x0000000707c00000, 0x0000000707c00000, 0x0000000707e00000|  0%| F|  |TAMS 0x0000000707c00000, 0x0000000707c00000| Untracked 
|  45|0x0000000707e00000, 0x0000000707e00000, 0x0000000708000000|  0%| F|  |TAMS 0x0000000707e00000, 0x0000000707e00000| Untracked 
|  46|0x0000000708000000, 0x0000000708000000, 0x0000000708200000|  0%| F|  |TAMS 0x0000000708000000, 0x0000000708000000| Untracked 
|  47|0x0000000708200000, 0x0000000708200000, 0x0000000708400000|  0%| F|  |TAMS 0x0000000708200000, 0x0000000708200000| Untracked 
|  48|0x0000000708400000, 0x0000000708400000, 0x0000000708600000|  0%| F|  |TAMS 0x0000000708400000, 0x0000000708400000| Untracked 
|  49|0x0000000708600000, 0x0000000708600000, 0x0000000708800000|  0%| F|  |TAMS 0x0000000708600000, 0x0000000708600000| Untracked 
|  50|0x0000000708800000, 0x0000000708800000, 0x0000000708a00000|  0%| F|  |TAMS 0x0000000708800000, 0x0000000708800000| Untracked 
|  51|0x0000000708a00000, 0x0000000708a00000, 0x0000000708c00000|  0%| F|  |TAMS 0x0000000708a00000, 0x0000000708a00000| Untracked 
|  52|0x0000000708c00000, 0x0000000708c00000, 0x0000000708e00000|  0%| F|  |TAMS 0x0000000708c00000, 0x0000000708c00000| Untracked 
|  53|0x0000000708e00000, 0x0000000708e00000, 0x0000000709000000|  0%| F|  |TAMS 0x0000000708e00000, 0x0000000708e00000| Untracked 
|  54|0x0000000709000000, 0x0000000709000000, 0x0000000709200000|  0%| F|  |TAMS 0x0000000709000000, 0x0000000709000000| Untracked 
|  55|0x0000000709200000, 0x0000000709200000, 0x0000000709400000|  0%| F|  |TAMS 0x0000000709200000, 0x0000000709200000| Untracked 
|  56|0x0000000709400000, 0x0000000709400000, 0x0000000709600000|  0%| F|  |TAMS 0x0000000709400000, 0x0000000709400000| Untracked 
|  57|0x0000000709600000, 0x0000000709600000, 0x0000000709800000|  0%| F|  |TAMS 0x0000000709600000, 0x0000000709600000| Untracked 
|  58|0x0000000709800000, 0x0000000709800000, 0x0000000709a00000|  0%| F|  |TAMS 0x0000000709800000, 0x0000000709800000| Untracked 
|  59|0x0000000709a00000, 0x0000000709a00000, 0x0000000709c00000|  0%| F|  |TAMS 0x0000000709a00000, 0x0000000709a00000| Untracked 
|  60|0x0000000709c00000, 0x0000000709c00000, 0x0000000709e00000|  0%| F|  |TAMS 0x0000000709c00000, 0x0000000709c00000| Untracked 
|  61|0x0000000709e00000, 0x0000000709e00000, 0x000000070a000000|  0%| F|  |TAMS 0x0000000709e00000, 0x0000000709e00000| Untracked 
|  62|0x000000070a000000, 0x000000070a000000, 0x000000070a200000|  0%| F|  |TAMS 0x000000070a000000, 0x000000070a000000| Untracked 
|  63|0x000000070a200000, 0x000000070a200000, 0x000000070a400000|  0%| F|  |TAMS 0x000000070a200000, 0x000000070a200000| Untracked 
|  64|0x000000070a400000, 0x000000070a400000, 0x000000070a600000|  0%| F|  |TAMS 0x000000070a400000, 0x000000070a400000| Untracked 
|  65|0x000000070a600000, 0x000000070a600000, 0x000000070a800000|  0%| F|  |TAMS 0x000000070a600000, 0x000000070a600000| Untracked 
|  66|0x000000070a800000, 0x000000070a800000, 0x000000070aa00000|  0%| F|  |TAMS 0x000000070a800000, 0x000000070a800000| Untracked 
|  67|0x000000070aa00000, 0x000000070aa00000, 0x000000070ac00000|  0%| F|  |TAMS 0x000000070aa00000, 0x000000070aa00000| Untracked 
|  68|0x000000070ac00000, 0x000000070ac00000, 0x000000070ae00000|  0%| F|  |TAMS 0x000000070ac00000, 0x000000070ac00000| Untracked 
|  69|0x000000070ae00000, 0x000000070ae00000, 0x000000070b000000|  0%| F|  |TAMS 0x000000070ae00000, 0x000000070ae00000| Untracked 
|  70|0x000000070b000000, 0x000000070b000000, 0x000000070b200000|  0%| F|  |TAMS 0x000000070b000000, 0x000000070b000000| Untracked 
|  71|0x000000070b200000, 0x000000070b200000, 0x000000070b400000|  0%| F|  |TAMS 0x000000070b200000, 0x000000070b200000| Untracked 
|  72|0x000000070b400000, 0x000000070b400000, 0x000000070b600000|  0%| F|  |TAMS 0x000000070b400000, 0x000000070b400000| Untracked 
|  73|0x000000070b600000, 0x000000070b600000, 0x000000070b800000|  0%| F|  |TAMS 0x000000070b600000, 0x000000070b600000| Untracked 
|  74|0x000000070b800000, 0x000000070b800000, 0x000000070ba00000|  0%| F|  |TAMS 0x000000070b800000, 0x000000070b800000| Untracked 
|  75|0x000000070ba00000, 0x000000070ba00000, 0x000000070bc00000|  0%| F|  |TAMS 0x000000070ba00000, 0x000000070ba00000| Untracked 
|  76|0x000000070bc00000, 0x000000070bc00000, 0x000000070be00000|  0%| F|  |TAMS 0x000000070bc00000, 0x000000070bc00000| Untracked 
|  77|0x000000070be00000, 0x000000070be00000, 0x000000070c000000|  0%| F|  |TAMS 0x000000070be00000, 0x000000070be00000| Untracked 
|  78|0x000000070c000000, 0x000000070c000000, 0x000000070c200000|  0%| F|  |TAMS 0x000000070c000000, 0x000000070c000000| Untracked 
|  79|0x000000070c200000, 0x000000070c200000, 0x000000070c400000|  0%| F|  |TAMS 0x000000070c200000, 0x000000070c200000| Untracked 
|  80|0x000000070c400000, 0x000000070c400000, 0x000000070c600000|  0%| F|  |TAMS 0x000000070c400000, 0x000000070c400000| Untracked 
|  81|0x000000070c600000, 0x000000070c600000, 0x000000070c800000|  0%| F|  |TAMS 0x000000070c600000, 0x000000070c600000| Untracked 
|  82|0x000000070c800000, 0x000000070c800000, 0x000000070ca00000|  0%| F|  |TAMS 0x000000070c800000, 0x000000070c800000| Untracked 
|  83|0x000000070ca00000, 0x000000070ca00000, 0x000000070cc00000|  0%| F|  |TAMS 0x000000070ca00000, 0x000000070ca00000| Untracked 
|  84|0x000000070cc00000, 0x000000070cc00000, 0x000000070ce00000|  0%| F|  |TAMS 0x000000070cc00000, 0x000000070cc00000| Untracked 
|  85|0x000000070ce00000, 0x000000070ce00000, 0x000000070d000000|  0%| F|  |TAMS 0x000000070ce00000, 0x000000070ce00000| Untracked 
|  86|0x000000070d000000, 0x000000070d000000, 0x000000070d200000|  0%| F|  |TAMS 0x000000070d000000, 0x000000070d000000| Untracked 
|  87|0x000000070d200000, 0x000000070d200000, 0x000000070d400000|  0%| F|  |TAMS 0x000000070d200000, 0x000000070d200000| Untracked 
|  88|0x000000070d400000, 0x000000070d400000, 0x000000070d600000|  0%| F|  |TAMS 0x000000070d400000, 0x000000070d400000| Untracked 
|  89|0x000000070d600000, 0x000000070d600000, 0x000000070d800000|  0%| F|  |TAMS 0x000000070d600000, 0x000000070d600000| Untracked 
|  90|0x000000070d800000, 0x000000070d800000, 0x000000070da00000|  0%| F|  |TAMS 0x000000070d800000, 0x000000070d800000| Untracked 
|  91|0x000000070da00000, 0x000000070da00000, 0x000000070dc00000|  0%| F|  |TAMS 0x000000070da00000, 0x000000070da00000| Untracked 
|  92|0x000000070dc00000, 0x000000070dc00000, 0x000000070de00000|  0%| F|  |TAMS 0x000000070dc00000, 0x000000070dc00000| Untracked 
|  93|0x000000070de00000, 0x000000070de00000, 0x000000070e000000|  0%| F|  |TAMS 0x000000070de00000, 0x000000070de00000| Untracked 
|  94|0x000000070e000000, 0x000000070e000000, 0x000000070e200000|  0%| F|  |TAMS 0x000000070e000000, 0x000000070e000000| Untracked 
|  95|0x000000070e200000, 0x000000070e200000, 0x000000070e400000|  0%| F|  |TAMS 0x000000070e200000, 0x000000070e200000| Untracked 
|  96|0x000000070e400000, 0x000000070e400000, 0x000000070e600000|  0%| F|  |TAMS 0x000000070e400000, 0x000000070e400000| Untracked 
|  97|0x000000070e600000, 0x000000070e600000, 0x000000070e800000|  0%| F|  |TAMS 0x000000070e600000, 0x000000070e600000| Untracked 
|  98|0x000000070e800000, 0x000000070e800000, 0x000000070ea00000|  0%| F|  |TAMS 0x000000070e800000, 0x000000070e800000| Untracked 
|  99|0x000000070ea00000, 0x000000070ea00000, 0x000000070ec00000|  0%| F|  |TAMS 0x000000070ea00000, 0x000000070ea00000| Untracked 
| 100|0x000000070ec00000, 0x000000070ec00000, 0x000000070ee00000|  0%| F|  |TAMS 0x000000070ec00000, 0x000000070ec00000| Untracked 
| 101|0x000000070ee00000, 0x000000070ee00000, 0x000000070f000000|  0%| F|  |TAMS 0x000000070ee00000, 0x000000070ee00000| Untracked 
| 102|0x000000070f000000, 0x000000070f000000, 0x000000070f200000|  0%| F|  |TAMS 0x000000070f000000, 0x000000070f000000| Untracked 
| 103|0x000000070f200000, 0x000000070f200000, 0x000000070f400000|  0%| F|  |TAMS 0x000000070f200000, 0x000000070f200000| Untracked 
| 104|0x000000070f400000, 0x000000070f400000, 0x000000070f600000|  0%| F|  |TAMS 0x000000070f400000, 0x000000070f400000| Untracked 
| 105|0x000000070f600000, 0x000000070f600000, 0x000000070f800000|  0%| F|  |TAMS 0x000000070f600000, 0x000000070f600000| Untracked 
| 106|0x000000070f800000, 0x000000070f800000, 0x000000070fa00000|  0%| F|  |TAMS 0x000000070f800000, 0x000000070f800000| Untracked 
| 107|0x000000070fa00000, 0x000000070fa00000, 0x000000070fc00000|  0%| F|  |TAMS 0x000000070fa00000, 0x000000070fa00000| Untracked 
| 108|0x000000070fc00000, 0x000000070fc00000, 0x000000070fe00000|  0%| F|  |TAMS 0x000000070fc00000, 0x000000070fc00000| Untracked 
| 109|0x000000070fe00000, 0x000000070fe00000, 0x0000000710000000|  0%| F|  |TAMS 0x000000070fe00000, 0x000000070fe00000| Untracked 
| 110|0x0000000710000000, 0x0000000710000000, 0x0000000710200000|  0%| F|  |TAMS 0x0000000710000000, 0x0000000710000000| Untracked 
| 111|0x0000000710200000, 0x0000000710200000, 0x0000000710400000|  0%| F|  |TAMS 0x0000000710200000, 0x0000000710200000| Untracked 
| 112|0x0000000710400000, 0x0000000710400000, 0x0000000710600000|  0%| F|  |TAMS 0x0000000710400000, 0x0000000710400000| Untracked 
| 113|0x0000000710600000, 0x0000000710600000, 0x0000000710800000|  0%| F|  |TAMS 0x0000000710600000, 0x0000000710600000| Untracked 
| 114|0x0000000710800000, 0x0000000710800000, 0x0000000710a00000|  0%| F|  |TAMS 0x0000000710800000, 0x0000000710800000| Untracked 
| 115|0x0000000710a00000, 0x0000000710a00000, 0x0000000710c00000|  0%| F|  |TAMS 0x0000000710a00000, 0x0000000710a00000| Untracked 
| 116|0x0000000710c00000, 0x0000000710c00000, 0x0000000710e00000|  0%| F|  |TAMS 0x0000000710c00000, 0x0000000710c00000| Untracked 
| 117|0x0000000710e00000, 0x0000000710e00000, 0x0000000711000000|  0%| F|  |TAMS 0x0000000710e00000, 0x0000000710e00000| Untracked 
| 118|0x0000000711000000, 0x0000000711000000, 0x0000000711200000|  0%| F|  |TAMS 0x0000000711000000, 0x0000000711000000| Untracked 
| 119|0x0000000711200000, 0x0000000711200000, 0x0000000711400000|  0%| F|  |TAMS 0x0000000711200000, 0x0000000711200000| Untracked 
| 120|0x0000000711400000, 0x0000000711400000, 0x0000000711600000|  0%| F|  |TAMS 0x0000000711400000, 0x0000000711400000| Untracked 
| 121|0x0000000711600000, 0x0000000711600000, 0x0000000711800000|  0%| F|  |TAMS 0x0000000711600000, 0x0000000711600000| Untracked 
| 122|0x0000000711800000, 0x0000000711800000, 0x0000000711a00000|  0%| F|  |TAMS 0x0000000711800000, 0x0000000711800000| Untracked 
| 123|0x0000000711a00000, 0x0000000711a00000, 0x0000000711c00000|  0%| F|  |TAMS 0x0000000711a00000, 0x0000000711a00000| Untracked 
| 124|0x0000000711c00000, 0x0000000711c71270, 0x0000000711e00000| 22%| E|  |TAMS 0x0000000711c00000, 0x0000000711c00000| Complete 
| 125|0x0000000711e00000, 0x0000000712000000, 0x0000000712000000|100%| E|CS|TAMS 0x0000000711e00000, 0x0000000711e00000| Complete 
| 126|0x0000000712000000, 0x0000000712200000, 0x0000000712200000|100%| E|CS|TAMS 0x0000000712000000, 0x0000000712000000| Complete 

Card table byte_map: [0x0000023b43d50000,0x0000023b44540000] _byte_map_base: 0x0000023b4053e000

Marking Bits (Prev, Next): (CMBitMap*) 0x0000023b2c11c530, (CMBitMap*) 0x0000023b2c11c570
 Prev Bits: [0x0000023b44d30000, 0x0000023b48ca0000)
 Next Bits: [0x0000023b48ca0000, 0x0000023b4cc10000)

Polling page: 0x0000023b29de0000

Metaspace:

Usage:
  Non-class:      2.47 MB used.
      Class:    271.76 KB used.
       Both:      2.74 MB used.

Virtual space:
  Non-class space:       64.00 MB reserved,       2.56 MB (  4%) committed,  1 nodes.
      Class space:        1.00 GB reserved,     384.00 KB ( <1%) committed,  1 nodes.
             Both:        1.06 GB reserved,       2.94 MB ( <1%) committed. 

Chunk freelists:
   Non-Class:  3.86 MB
       Class:  3.68 MB
        Both:  7.54 MB

MaxMetaspaceSize: unlimited
CompressedClassSpaceSize: 1.00 GB
Initial GC threshold: 21.00 MB
Current GC threshold: 21.00 MB
CDS: on
MetaspaceReclaimPolicy: balanced
 - commit_granule_bytes: 65536.
 - commit_granule_words: 8192.
 - virtual_space_node_default_size: 8388608.
 - enlarge_chunks_in_place: 1.
 - new_chunks_are_fully_committed: 0.
 - uncommit_free_chunks: 1.
 - use_allocation_guard: 0.


Internal statistics:

num_allocs_failed_limit: 0.
num_arena_births: 90.
num_arena_deaths: 0.
num_vsnodes_births: 2.
num_vsnodes_deaths: 0.
num_space_committed: 47.
num_space_uncommitted: 0.
num_chunks_returned_to_freelist: 0.
num_chunks_taken_from_freelist: 100.
num_chunk_merges: 0.
num_chunk_splits: 70.
num_chunks_enlarged: 44.
num_inconsistent_stats: 0.

CodeHeap 'non-profiled nmethods': size=120000Kb used=128Kb max_used=128Kb free=119871Kb
 bounds [0x0000023b3bae0000, 0x0000023b3bd50000, 0x0000023b43010000]
CodeHeap 'profiled nmethods': size=120000Kb used=489Kb max_used=489Kb free=119510Kb
 bounds [0x0000023b34010000, 0x0000023b34280000, 0x0000023b3b540000]
CodeHeap 'non-nmethods': size=5760Kb used=1253Kb max_used=1253Kb free=4507Kb
 bounds [0x0000023b3b540000, 0x0000023b3b7b0000, 0x0000023b3bae0000]
 total_blobs=849 nmethods=386 adapters=374
 compilation: enabled
              stopped_count=0, restarted_count=0
 full_count=0

Compilation events (20 events):
Event: 0.117 Thread 0x0000023b4f897970  367       3       java.lang.invoke.InvokerBytecodeGenerator::getInternalName (103 bytes)
Event: 0.117 Thread 0x0000023b4f893c30 nmethod 362 0x0000023b3bafe290 code [0x0000023b3bafe420, 0x0000023b3bafe4d8]
Event: 0.117 Thread 0x0000023b4f897970 nmethod 367 0x0000023b34084890 code [0x0000023b34084aa0, 0x0000023b34085018]
Event: 0.117 Thread 0x0000023b4f897970  368       3       jdk.internal.org.objectweb.asm.Frame::pop (46 bytes)
Event: 0.117 Thread 0x0000023b4f897970 nmethod 368 0x0000023b34085190 code [0x0000023b34085340, 0x0000023b340854f8]
Event: 0.117 Thread 0x0000023b4f897970  369       3       java.lang.invoke.MemberName::<init> (50 bytes)
Event: 0.117 Thread 0x0000023b4f897970 nmethod 369 0x0000023b34085590 code [0x0000023b34085780, 0x0000023b34085a98]
Event: 0.117 Thread 0x0000023b4f897970  371       3       sun.invoke.util.Wrapper::forBasicType (103 bytes)
Event: 0.117 Thread 0x0000023b4f897970 nmethod 371 0x0000023b34085c10 code [0x0000023b34085e20, 0x0000023b34086338]
Event: 0.117 Thread 0x0000023b4f897970  375       3       java.lang.invoke.MethodType$ConcurrentWeakInternSet$WeakEntry::<init> (15 bytes)
Event: 0.118 Thread 0x0000023b4f897970 nmethod 375 0x0000023b34086410 code [0x0000023b340865e0, 0x0000023b34086a08]
Event: 0.118 Thread 0x0000023b4f897970  377       3       java.util.ImmutableCollections$List12::size (16 bytes)
Event: 0.118 Thread 0x0000023b4f897970 nmethod 377 0x0000023b34086b90 code [0x0000023b34086d40, 0x0000023b34086ed8]
Event: 0.118 Thread 0x0000023b4f897970  381       3       java.lang.invoke.InvokerBytecodeGenerator::emitImplicitConversion (161 bytes)
Event: 0.119 Thread 0x0000023b4f897970 nmethod 381 0x0000023b34086f90 code [0x0000023b340872a0, 0x0000023b34088088]
Event: 0.119 Thread 0x0000023b4f897970  382       3       jdk.internal.org.objectweb.asm.ByteVector::put11 (52 bytes)
Event: 0.119 Thread 0x0000023b4f897970 nmethod 382 0x0000023b34088590 code [0x0000023b34088740, 0x0000023b34088968]
Event: 0.122 Thread 0x0000023b4f897970  385       3       jdk.internal.util.Preconditions::checkFromIndexSize (25 bytes)
Event: 0.122 Thread 0x0000023b4f897970 nmethod 385 0x0000023b34088a90 code [0x0000023b34088c40, 0x0000023b34088e08]
Event: 0.125 Thread 0x0000023b4f897970  386       3       sun.invoke.util.VerifyAccess::isClassAccessible (230 bytes)

GC Heap History (0 events):
No events

Dll operation events (11 events):
Event: 0.003 Loaded shared library C:\Users\Kapcha\.jdks\openjdk-19.0.2\bin\java.dll
Event: 0.009 Loaded shared library C:\Users\Kapcha\.jdks\openjdk-19.0.2\bin\jsvml.dll
Event: 0.047 Loaded shared library C:\Users\Kapcha\.jdks\openjdk-19.0.2\bin\zip.dll
Event: 0.049 Loaded shared library C:\Users\Kapcha\.jdks\openjdk-19.0.2\bin\instrument.dll
Event: 0.053 Loaded shared library C:\Users\Kapcha\.jdks\openjdk-19.0.2\bin\net.dll
Event: 0.054 Loaded shared library C:\Users\Kapcha\.jdks\openjdk-19.0.2\bin\nio.dll
Event: 0.057 Loaded shared library C:\Users\Kapcha\.jdks\openjdk-19.0.2\bin\zip.dll
Event: 0.065 Loaded shared library C:\Users\Kapcha\AppData\Local\JetBrains\Toolbox\apps\IDEA-U\ch-0\223.8617.56\bin\breakgen64.dll
Event: 0.069 Loaded shared library C:\Users\Kapcha\.jdks\openjdk-19.0.2\bin\jimage.dll
Event: 0.070 Loaded shared library C:\Users\Kapcha\.jdks\openjdk-19.0.2\bin\extnet.dll
Event: 0.097 Loaded shared library C:\Users\Kapcha\.jdks\openjdk-19.0.2\bin\awt.dll

Deoptimization events (0 events):
No events

Classes loaded (20 events):
Event: 0.125 Loading class sun/java2d/ReentrantContextProviderTL
Event: 0.125 Loading class sun/java2d/ReentrantContextProvider
Event: 0.125 Loading class sun/java2d/ReentrantContextProvider done
Event: 0.125 Loading class sun/java2d/ReentrantContextProviderTL done
Event: 0.125 Loading class sun/java2d/marlin/DMarlinRenderingEngine$1 done
Event: 0.125 Loading class sun/java2d/ReentrantContextProviderTL$1
Event: 0.125 Loading class sun/java2d/ReentrantContextProviderCLQ
Event: 0.125 Loading class sun/java2d/ReentrantContextProviderCLQ done
Event: 0.125 Loading class sun/java2d/ReentrantContextProviderTL$1 done
Event: 0.125 Loading class java/util/concurrent/ConcurrentLinkedQueue
Event: 0.125 Loading class java/util/AbstractQueue
Event: 0.125 Loading class java/util/AbstractQueue done
Event: 0.125 Loading class java/util/concurrent/ConcurrentLinkedQueue done
Event: 0.125 Loading class java/util/concurrent/ConcurrentLinkedQueue$Node
Event: 0.125 Loading class java/util/concurrent/ConcurrentLinkedQueue$Node done
Event: 0.126 Loading class sun/java2d/pipe/OutlineTextRenderer
Event: 0.126 Loading class sun/java2d/pipe/OutlineTextRenderer done
Event: 0.126 Loading class sun/java2d/pipe/AATextRenderer
Event: 0.126 Loading class sun/java2d/pipe/GlyphListLoopPipe
Event: 0.126 Loading class sun/java2d/pipe/GlyphListPipe

Classes unloaded (0 events):
No events

Classes redefined (0 events):
No events

Internal exceptions (7 events):
Event: 0.058 Thread 0x0000023b2c0a9ae0 Exception <a 'java/lang/NoSuchMethodError'{0x0000000711ec4ee8}: 'void java.lang.invoke.DirectMethodHandle$Holder.invokeStatic(java.lang.Object, java.lang.Object, java.lang.Object)'> (0x0000000711ec4ee8) 
thrown [s\open\src\hotspot\share\interpreter\linkResolver.cpp, line 774]
Event: 0.062 Thread 0x0000023b2c0a9ae0 Exception <a 'java/lang/NoSuchMethodError'{0x0000000711edd4e0}: 'java.lang.Object java.lang.invoke.Invokers$Holder.invokeExact_MT(java.lang.Object, java.lang.Object, java.lang.Object, java.lang.Object, java.lang.Object)'> (0x0000000711edd4e0) 
thrown [s\open\src\hotspot\share\interpreter\linkResolver.cpp, line 774]
Event: 0.071 Thread 0x0000023b53e68c90 Exception <a 'java/lang/NoSuchMethodError'{0x0000000711f59fa8}: 'void java.lang.invoke.DirectMethodHandle$Holder.invokeStatic(java.lang.Object, java.lang.Object)'> (0x0000000711f59fa8) 
thrown [s\open\src\hotspot\share\interpreter\linkResolver.cpp, line 774]
Event: 0.083 Thread 0x0000023b2c0a9ae0 Exception <a 'java/lang/NoSuchMethodError'{0x0000000711f17198}: 'java.lang.Object java.lang.invoke.DirectMethodHandle$Holder.invokeStaticInit(java.lang.Object)'> (0x0000000711f17198) 
thrown [s\open\src\hotspot\share\interpreter\linkResolver.cpp, line 774]
Event: 0.093 Thread 0x0000023b2c0a9ae0 Exception <a 'java/lang/ClassNotFoundException'{0x0000000711f32cb8}: sun/awt/resources/spi/awtProvider> (0x0000000711f32cb8) 
thrown [s\open\src\hotspot\share\classfile\systemDictionary.cpp, line 255]
Event: 0.104 Thread 0x0000023b2c0a9ae0 Exception <a 'java/io/FileNotFoundException'{0x0000000711ff3598}> (0x0000000711ff3598) 
thrown [s\open\src\hotspot\share\prims\jni.cpp, line 517]
Event: 0.108 Thread 0x0000023b2c0a9ae0 Exception <a 'java/io/FileNotFoundException'{0x0000000711c1ff78}> (0x0000000711c1ff78) 
thrown [s\open\src\hotspot\share\prims\jni.cpp, line 517]

VM Operations (6 events):
Event: 0.039 Executing VM operation: HandshakeAllThreads
Event: 0.039 Executing VM operation: HandshakeAllThreads done
Event: 0.067 Executing VM operation: HandshakeAllThreads
Event: 0.067 Executing VM operation: HandshakeAllThreads done
Event: 0.113 Executing VM operation: HandshakeAllThreads
Event: 0.113 Executing VM operation: HandshakeAllThreads done

Events (13 events):
Event: 0.009 Thread 0x0000023b2c0a9ae0 Thread added: 0x0000023b2c0a9ae0
Event: 0.018 Thread 0x0000023b4f87eae0 Thread added: 0x0000023b4f87eae0
Event: 0.018 Thread 0x0000023b4f87f870 Thread added: 0x0000023b4f87f870
Event: 0.019 Thread 0x0000023b4f884030 Thread added: 0x0000023b4f884030
Event: 0.019 Thread 0x0000023b4f885970 Thread added: 0x0000023b4f885970
Event: 0.019 Thread 0x0000023b4f887a50 Thread added: 0x0000023b4f887a50
Event: 0.019 Thread 0x0000023b4f888da0 Thread added: 0x0000023b4f888da0
Event: 0.019 Thread 0x0000023b4f893c30 Thread added: 0x0000023b4f893c30
Event: 0.019 Thread 0x0000023b4f897970 Thread added: 0x0000023b4f897970
Event: 0.019 Thread 0x0000023b4f8a2690 Thread added: 0x0000023b4f8a2690
Event: 0.034 Thread 0x0000023b4f851500 Thread added: 0x0000023b4f851500
Event: 0.065 Thread 0x0000023b53e68c90 Thread added: 0x0000023b53e68c90
Event: 0.065 Thread 0x0000023b53e691d0 Thread added: 0x0000023b53e691d0


Dynamic libraries:
0x00007ff70d460000 - 0x00007ff70d46e000 	C:\Users\Kapcha\.jdks\openjdk-19.0.2\bin\java.exe
0x00007ffec9630000 - 0x00007ffec9828000 	C:\Windows\SYSTEM32\ntdll.dll
0x00007ffec87b0000 - 0x00007ffec886f000 	C:\Windows\System32\KERNEL32.DLL
0x00007ffec70a0000 - 0x00007ffec7396000 	C:\Windows\System32\KERNELBASE.dll
0x00007ffec7590000 - 0x00007ffec7690000 	C:\Windows\System32\ucrtbase.dll
0x00007ffec1600000 - 0x00007ffec1617000 	C:\Users\Kapcha\.jdks\openjdk-19.0.2\bin\jli.dll
0x00007ffec0d50000 - 0x00007ffec0d6b000 	C:\Users\Kapcha\.jdks\openjdk-19.0.2\bin\VCRUNTIME140.dll
0x00007ffec7c20000 - 0x00007ffec7dbd000 	C:\Windows\System32\USER32.dll
0x00007ffec7560000 - 0x00007ffec7582000 	C:\Windows\System32\win32u.dll
0x00007ffeb1d30000 - 0x00007ffeb1fca000 	C:\Windows\WinSxS\amd64_microsoft.windows.common-controls_6595b64144ccf1df_6.0.19041.1110_none_60b5254171f9507e\COMCTL32.dll
0x00007ffec8d40000 - 0x00007ffec8d6c000 	C:\Windows\System32\GDI32.dll
0x00007ffec9550000 - 0x00007ffec95ee000 	C:\Windows\System32\msvcrt.dll
0x00007ffec73a0000 - 0x00007ffec74b5000 	C:\Windows\System32\gdi32full.dll
0x00007ffec74c0000 - 0x00007ffec755d000 	C:\Windows\System32\msvcp_win.dll
0x00007ffec8870000 - 0x00007ffec88a0000 	C:\Windows\System32\IMM32.DLL
0x00007ffec41c0000 - 0x00007ffec41cc000 	C:\Users\Kapcha\.jdks\openjdk-19.0.2\bin\vcruntime140_1.dll
0x00007ffebf060000 - 0x00007ffebf0ee000 	C:\Users\Kapcha\.jdks\openjdk-19.0.2\bin\msvcp140.dll
0x00007ffe93440000 - 0x00007ffe94100000 	C:\Users\Kapcha\.jdks\openjdk-19.0.2\bin\server\jvm.dll
0x00007ffec89c0000 - 0x00007ffec8a6f000 	C:\Windows\System32\ADVAPI32.dll
0x00007ffec8b00000 - 0x00007ffec8b9c000 	C:\Windows\System32\sechost.dll
0x00007ffec8ba0000 - 0x00007ffec8cc6000 	C:\Windows\System32\RPCRT4.dll
0x00007ffec0640000 - 0x00007ffec0649000 	C:\Windows\SYSTEM32\WSOCK32.dll
0x00007ffeb7f90000 - 0x00007ffeb7fb7000 	C:\Windows\SYSTEM32\WINMM.dll
0x00007ffebe6b0000 - 0x00007ffebe6ba000 	C:\Windows\SYSTEM32\VERSION.dll
0x00007ffec88a0000 - 0x00007ffec890b000 	C:\Windows\System32\WS2_32.dll
0x00007ffec5590000 - 0x00007ffec55a2000 	C:\Windows\SYSTEM32\kernel.appcore.dll
0x00007ffec0d40000 - 0x00007ffec0d4a000 	C:\Users\Kapcha\.jdks\openjdk-19.0.2\bin\jimage.dll
0x00007ffec4ba0000 - 0x00007ffec4d84000 	C:\Windows\SYSTEM32\DBGHELP.DLL
0x00007ffeb0070000 - 0x00007ffeb00a4000 	C:\Windows\SYSTEM32\dbgcore.DLL
0x00007ffec6fe0000 - 0x00007ffec7062000 	C:\Windows\System32\bcryptPrimitives.dll
0x00007ffec3190000 - 0x00007ffec319e000 	C:\Users\Kapcha\.jdks\openjdk-19.0.2\bin\instrument.dll
0x00007ffec06d0000 - 0x00007ffec06f6000 	C:\Users\Kapcha\.jdks\openjdk-19.0.2\bin\java.dll
0x00007ffebef80000 - 0x00007ffebf057000 	C:\Users\Kapcha\.jdks\openjdk-19.0.2\bin\jsvml.dll
0x00007ffec8e00000 - 0x00007ffec9544000 	C:\Windows\System32\SHELL32.dll
0x00007ffec4db0000 - 0x00007ffec5543000 	C:\Windows\SYSTEM32\windows.storage.dll
0x00007ffec8450000 - 0x00007ffec87a4000 	C:\Windows\System32\combase.dll
0x00007ffec6770000 - 0x00007ffec679e000 	C:\Windows\SYSTEM32\Wldp.dll
0x00007ffec8910000 - 0x00007ffec89bd000 	C:\Windows\System32\SHCORE.dll
0x00007ffec83d0000 - 0x00007ffec8425000 	C:\Windows\System32\shlwapi.dll
0x00007ffec6c50000 - 0x00007ffec6c6f000 	C:\Windows\SYSTEM32\profapi.dll
0x00007ffebf1d0000 - 0x00007ffebf1e8000 	C:\Users\Kapcha\.jdks\openjdk-19.0.2\bin\zip.dll
0x00007ffec08e0000 - 0x00007ffec08f3000 	C:\Users\Kapcha\.jdks\openjdk-19.0.2\bin\net.dll
0x00007ffebcad0000 - 0x00007ffebcbda000 	C:\Windows\SYSTEM32\WINHTTP.dll
0x00007ffec64d0000 - 0x00007ffec653a000 	C:\Windows\system32\mswsock.dll
0x00007ffec0530000 - 0x00007ffec0546000 	C:\Users\Kapcha\.jdks\openjdk-19.0.2\bin\nio.dll
0x00007ffec0dc0000 - 0x00007ffec0dda000 	C:\Users\Kapcha\AppData\Local\JetBrains\Toolbox\apps\IDEA-U\ch-0\223.8617.56\bin\breakgen64.dll
0x00007ffec0910000 - 0x00007ffec0918000 	C:\Users\Kapcha\.jdks\openjdk-19.0.2\bin\extnet.dll
0x00007ffec61b0000 - 0x00007ffec627b000 	C:\Windows\SYSTEM32\DNSAPI.dll
0x00007ffec6170000 - 0x00007ffec61ac000 	C:\Windows\SYSTEM32\IPHLPAPI.DLL
0x00007ffec80a0000 - 0x00007ffec80a8000 	C:\Windows\System32\NSI.dll
0x00007ffebfa90000 - 0x00007ffebfa9a000 	C:\Windows\System32\rasadhlp.dll
0x00007ffeb6870000 - 0x00007ffeb68f2000 	C:\Windows\System32\fwpuclnt.dll
0x00007ffec7070000 - 0x00007ffec7097000 	C:\Windows\System32\bcrypt.dll
0x00007ffeba2a0000 - 0x00007ffeba430000 	C:\Users\Kapcha\.jdks\openjdk-19.0.2\bin\awt.dll
0x00007ffec7dc0000 - 0x00007ffec7e8d000 	C:\Windows\System32\OLEAUT32.dll
0x00007ffec41d0000 - 0x00007ffec4261000 	C:\Windows\SYSTEM32\apphelp.dll

dbghelp: loaded successfully - version: 4.0.5 - missing functions: none
symbol engine: initialized successfully - sym options: 0x614 - pdb path: .;C:\Users\Kapcha\.jdks\openjdk-19.0.2\bin;C:\Windows\SYSTEM32;C:\Windows\WinSxS\amd64_microsoft.windows.common-controls_6595b64144ccf1df_6.0.19041.1110_none_60b5254171f9507e;C:\Users\Kapcha\.jdks\openjdk-19.0.2\bin\server;C:\Users\Kapcha\AppData\Local\JetBrains\Toolbox\apps\IDEA-U\ch-0\223.8617.56\bin

VM Arguments:
jvm_args: -javaagent:C:\Users\Kapcha\AppData\Local\JetBrains\Toolbox\apps\IDEA-U\ch-0\223.8617.56\lib\idea_rt.jar=57525:C:\Users\Kapcha\AppData\Local\JetBrains\Toolbox\apps\IDEA-U\ch-0\223.8617.56\bin -Dfile.encoding=UTF-8 -Dsun.stdout.encoding=UTF-8 -Dsun.stderr.encoding=UTF-8 
java_command: Main
java_class_path (initial): C:\Users\Kapcha\IdeaProjects\Tetris\out\production\Tetris
Launcher Type: SUN_STANDARD

[Global flags]
     intx CICompilerCount                          = 4                                         {product} {ergonomic}
     uint ConcGCThreads                            = 3                                         {product} {ergonomic}
     uint G1ConcRefinementThreads                  = 10                                        {product} {ergonomic}
   size_t G1HeapRegionSize                         = 2097152                                   {product} {ergonomic}
    uintx GCDrainStackTargetSize                   = 64                                        {product} {ergonomic}
   size_t InitialHeapSize                          = 266338304                                 {product} {ergonomic}
   size_t MarkStackSize                            = 4194304                                   {product} {ergonomic}
   size_t MaxHeapSize                              = 4257218560                                {product} {ergonomic}
   size_t MaxNewSize                               = 2554331136                                {product} {ergonomic}
   size_t MinHeapDeltaBytes                        = 2097152                                   {product} {ergonomic}
   size_t MinHeapSize                              = 8388608                                   {product} {ergonomic}
    uintx NonNMethodCodeHeapSize                   = 5839372                                {pd product} {ergonomic}
    uintx NonProfiledCodeHeapSize                  = 122909434                              {pd product} {ergonomic}
    uintx ProfiledCodeHeapSize                     = 122909434                              {pd product} {ergonomic}
    uintx ReservedCodeCacheSize                    = 251658240                              {pd product} {ergonomic}
     bool SegmentedCodeCache                       = true                                      {product} {ergonomic}
   size_t SoftMaxHeapSize                          = 4257218560                             {manageable} {ergonomic}
     bool UseCompressedClassPointers               = true                           {product lp64_product} {ergonomic}
     bool UseCompressedOops                        = true                           {product lp64_product} {ergonomic}
     bool UseG1GC                                  = true                                      {product} {ergonomic}
     bool UseLargePagesIndividualAllocation        = false                                  {pd product} {ergonomic}

Logging:
Log output configuration:
 #0: stdout all=warning uptime,level,tags foldmultilines=false
 #1: stderr all=off uptime,level,tags foldmultilines=false

Environment Variables:
PATH=C:\Program Files (x86)\Common Files\Oracle\Java\javapath;C:\Windows\system32;C:\Windows;C:\Windows\System32\Wbem;C:\Windows\System32\WindowsPowerShell\v1.0\;C:\Windows\System32\OpenSSH\;C:\Program Files (x86)\NVIDIA Corporation\PhysX\Common;C:\Program Files\Process Lasso\;C:\Program Files\Git\cmd;C:\Program Files\dotnet\;C:\Program Files\CMake\bin;C:\mingw64\bin;C:\Users\Kapcha\Documents\opencv-4.6.0\build\install\x64\mingw\bin;C:\Program Files\PuTTY\;C:\Users\Kapcha\AppData\Local\Microsoft\WindowsApps;C:\mingw64\bin;C:\Users\Kapcha\Documents\opencv-4.6.0\build\install\x64\mingw\bin;C:\cygwin64\bin;C:\Users\Kapcha\AppData\Local\JetBrains\Toolbox\scripts;
USERNAME=Kapcha
OS=Windows_NT
PROCESSOR_IDENTIFIER=AMD64 Family 25 Model 80 Stepping 0, AuthenticAMD
TMP=C:\Users\Kapcha\AppData\Local\Temp
TEMP=C:\Users\Kapcha\AppData\Local\Temp



---------------  S Y S T E M  ---------------

OS:
 Windows 10 , 64 bit Build 19041 (10.0.19041.2913)
OS uptime: 30 days 20:54 hours

CPU: total 12 (initial active 12) (12 cores per cpu, 2 threads per core) family 25 model 80 stepping 0 microcode 0x0, cx8, cmov, fxsr, ht, mmx, 3dnowpref, sse, sse2, sse3, ssse3, sse4a, sse4.1, sse4.2, popcnt, lzcnt, tsc, tscinvbit, avx, avx2, aes, erms, clmul, bmi1, bmi2, adx, sha, fma, vzeroupper, clflush, clflushopt, rdtscp, rdpid, fsrm

Memory: 4k page, system-wide physical 16236M (5105M free)
TotalPageFile size 16236M (AvailPageFile size 5M)
current process WorkingSet (physical memory assigned to process): 42M, peak: 42M
current process commit charge ("private bytes"): 350M, peak: 350M

vm_info: OpenJDK 64-Bit Server VM (19.0.2+7-44) for windows-amd64 JRE (19.0.2+7-44), built on 2022-11-30T18:02:09Z by "mach5one" with MS VC++ 17.1 (VS2022)

END.
